<?xml version="1.0" encoding="UTF-8"?>
<!-- Generated by org.testng.reporters.JUnitReportReporter -->
<testsuite hostname="LAPTOP-3U3SCVT2" failures="0" tests="5" name="com.phptravels.agent_test.Agent_Login_test" time="26.531" errors="0" timestamp="2023-02-16T20:25:22 IST" skipped="0">
  <testcase classname="com.phptravels.agent_test.Agent_Login_test" name="verifyInvalidLogin2" time="2.264"/>
  <system-out/>
  <testcase classname="com.phptravels.agent_test.Agent_Login_test" name="verifyInvalidLogin2" time="4.177"/>
  <system-out/>
  <testcase classname="com.phptravels.agent_test.Agent_Login_test" name="verifyInvalidLogin2" time="2.869"/>
  <system-out/>
  <testcase classname="com.phptravels.agent_test.Agent_Login_test" name="verifyInvalidLogin2" time="6.505"/>
  <system-out/>
  <testcase classname="com.phptravels.agent_test.Agent_Login_test" name="verifyLogin" time="10.716"/>
  <system-out/>
</testsuite> <!-- com.phptravels.agent_test.Agent_Login_test -->
