<?xml version="1.0" encoding="UTF-8"?>
<!-- Generated by org.testng.reporters.JUnitReportReporter -->
<testsuite hostname="LAPTOP-3U3SCVT2" failures="0" tests="1" name="com.phptravels.supplier_test.Supplier_dashboard_test" time="27.074" errors="0" timestamp="2023-02-16T20:20:34 IST" skipped="0">
  <testcase classname="com.phptravels.supplier_test.Supplier_dashboard_test" name="verifyDashboard" time="27.074"/>
  <system-out/>
</testsuite> <!-- com.phptravels.supplier_test.Supplier_dashboard_test -->
