<?xml version="1.0" encoding="UTF-8"?>
<!-- Generated by org.testng.reporters.JUnitReportReporter -->
<testsuite hostname="LAPTOP-3U3SCVT2" failures="0" tests="1" name="com.phptravels.agent_test.Agent_currency_test" time="21.570" errors="0" timestamp="2023-02-16T20:25:22 IST" skipped="0">
  <testcase classname="com.phptravels.agent_test.Agent_currency_test" name="Currency" time="21.570"/>
  <system-out/>
</testsuite> <!-- com.phptravels.agent_test.Agent_currency_test -->
