<?xml version="1.0" encoding="UTF-8"?>
<!-- Generated by org.testng.reporters.JUnitReportReporter -->
<testsuite hostname="LAPTOP-3U3SCVT2" failures="0" tests="2" name="com.phptravels.agent_test.Agent_Sidemenu_test" time="20.019" errors="0" timestamp="2023-02-16T20:25:22 IST" skipped="0">
  <testcase classname="com.phptravels.agent_test.Agent_Sidemenu_test" name="Alogin" time="5.187"/>
  <system-out/>
  <testcase classname="com.phptravels.agent_test.Agent_Sidemenu_test" name="Agentsidemenu" time="14.832"/>
  <system-out/>
</testsuite> <!-- com.phptravels.agent_test.Agent_Sidemenu_test -->
