<?xml version="1.0" encoding="UTF-8"?>
<!-- Generated by org.testng.reporters.JUnitReportReporter -->
<testsuite hostname="LAPTOP-3U3SCVT2" failures="0" tests="5" name="com.phptravels.customer_test.login_test" time="32.152" errors="0" timestamp="2023-02-16T20:22:41 IST" skipped="0">
  <testcase classname="com.phptravels.customer_test.login_test" name="verifyInvalidLogin2" time="4.704"/>
  <system-out/>
  <testcase classname="com.phptravels.customer_test.login_test" name="verifyInvalidLogin2" time="11.470"/>
  <system-out/>
  <testcase classname="com.phptravels.customer_test.login_test" name="verifyLogin" time="9.712"/>
  <system-out/>
  <testcase classname="com.phptravels.customer_test.login_test" name="verifyInvalidLogin2" time="4.078"/>
  <system-out/>
  <testcase classname="com.phptravels.customer_test.login_test" name="verifyInvalidLogin2" time="2.188"/>
  <system-out/>
</testsuite> <!-- com.phptravels.customer_test.login_test -->
