<?xml version="1.0" encoding="UTF-8"?>
<!-- Generated by org.testng.reporters.JUnitReportReporter -->
<testsuite hostname="LAPTOP-3U3SCVT2" failures="0" tests="5" name="com.phptravels.supplier_test.Supplier_login_test" time="31.108" errors="0" timestamp="2023-02-16T20:20:33 IST" skipped="0">
  <testcase classname="com.phptravels.supplier_test.Supplier_login_test" name="verifyInvalidLogin" time="4.536"/>
  <system-out/>
  <testcase classname="com.phptravels.supplier_test.Supplier_login_test" name="verifyLogin" time="14.380"/>
  <system-out/>
  <testcase classname="com.phptravels.supplier_test.Supplier_login_test" name="verifyInvalidLogin" time="4.165"/>
  <system-out/>
  <testcase classname="com.phptravels.supplier_test.Supplier_login_test" name="verifyInvalidLogin" time="3.032"/>
  <system-out/>
  <testcase classname="com.phptravels.supplier_test.Supplier_login_test" name="verifyInvalidLogin" time="4.995"/>
  <system-out/>
</testsuite> <!-- com.phptravels.supplier_test.Supplier_login_test -->
