<?xml version="1.0" encoding="UTF-8"?>
<!-- Generated by org.testng.reporters.JUnitReportReporter -->
<testsuite hostname="LAPTOP-3U3SCVT2" failures="0" tests="1" name="com.phptravels.customer_test.Address_page_test" time="18.295" errors="0" timestamp="2023-02-16T20:22:41 IST" skipped="0">
  <testcase classname="com.phptravels.customer_test.Address_page_test" name="verifyAddress" time="18.295"/>
  <system-out/>
</testsuite> <!-- com.phptravels.customer_test.Address_page_test -->
