<?xml version="1.0" encoding="UTF-8"?>
<!-- Generated by org.testng.reporters.JUnitReportReporter -->
<testsuite hostname="Arjuns-MBP.bbrouter" failures="0" tests="1" name="com.phptravels.admin_test.LogoutTest" time="12.153" errors="0" timestamp="2023-02-16T20:58:22 IST" skipped="0">
  <testcase classname="com.phptravels.admin_test.LogoutTest" name="logout" time="12.153"/>
  <system-out/>
</testsuite> <!-- com.phptravels.admin_test.LogoutTest -->
