<?xml version="1.0" encoding="UTF-8"?>
<!-- Generated by org.testng.reporters.JUnitReportReporter -->
<testsuite hostname="Arjuns-MBP.bbrouter" failures="0" tests="5" name="com.phptravels.admin_test.Admin_login_test" time="40.041" errors="0" timestamp="2023-02-16T20:58:22 IST" skipped="0">
  <testcase classname="com.phptravels.admin_test.Admin_login_test" name="verifyLogin" time="21.223"/>
  <system-out/>
  <testcase classname="com.phptravels.admin_test.Admin_login_test" name="verifyInvalidLogin2" time="4.082"/>
  <system-out/>
  <testcase classname="com.phptravels.admin_test.Admin_login_test" name="verifyInvalidLogin2" time="3.724"/>
  <system-out/>
  <testcase classname="com.phptravels.admin_test.Admin_login_test" name="verifyInvalidLogin2" time="4.071"/>
  <system-out/>
  <testcase classname="com.phptravels.admin_test.Admin_login_test" name="verifyInvalidLogin2" time="6.941"/>
  <system-out/>
</testsuite> <!-- com.phptravels.admin_test.Admin_login_test -->
